<?xml version="1.0" encoding="UTF-8"?>
<testng-results skipped="0" failed="0" ignored="0" total="1" passed="1">
  <reporter-output>
    <line>
      <![CDATA[Launch Browser http://book.theautomatedtester.co.uk/]]>
    </line>
    <line>
      <![CDATA[Click Chapetr1]]>
    </line>
    <line>
      <![CDATA[Click Chapter 1]]>
    </line>
    <line>
      <![CDATA[Select Selenium Codefrom dropdown]]>
    </line>
    <line>
      <![CDATA[Navigate Home Page]]>
    </line>
    <line>
      <![CDATA[Closer Browser]]>
    </line>
  </reporter-output>
  <suite name="Default suite" duration-ms="32855" started-at="2020-09-26T14:49:48Z" finished-at="2020-09-26T14:50:21Z">
    <groups>
    </groups>
    <test name="Default test" duration-ms="32855" started-at="2020-09-26T14:49:48Z" finished-at="2020-09-26T14:50:21Z">
      <class name="com.automatedtester.qa.TC001_Capter_ValidateDropdown01">
        <test-method status="PASS" signature="beforeTest()[pri:0, instance:com.automatedtester.qa.TC001_Capter_ValidateDropdown01@769e7ee8]" name="beforeTest" is-config="true" duration-ms="10902" started-at="2020-09-26T14:49:48Z" finished-at="2020-09-26T14:49:59Z">
          <reporter-output>
          </reporter-output>
        </test-method> <!-- beforeTest -->
        <test-method status="PASS" signature="TC001()[pri:0, instance:com.automatedtester.qa.TC001_Capter_ValidateDropdown01@769e7ee8]" name="TC001" duration-ms="18586" started-at="2020-09-26T14:49:59Z" finished-at="2020-09-26T14:50:18Z">
          <reporter-output>
            <line>
              <![CDATA[Launch Browser http://book.theautomatedtester.co.uk/]]>
            </line>
            <line>
              <![CDATA[Click Chapetr1]]>
            </line>
            <line>
              <![CDATA[Click Chapter 1]]>
            </line>
            <line>
              <![CDATA[Select Selenium Codefrom dropdown]]>
            </line>
            <line>
              <![CDATA[Navigate Home Page]]>
            </line>
          </reporter-output>
        </test-method> <!-- TC001 -->
        <test-method status="PASS" signature="afterTest()[pri:0, instance:com.automatedtester.qa.TC001_Capter_ValidateDropdown01@769e7ee8]" name="afterTest" is-config="true" duration-ms="3125" started-at="2020-09-26T14:50:18Z" finished-at="2020-09-26T14:50:21Z">
          <reporter-output>
            <line>
              <![CDATA[Closer Browser]]>
            </line>
          </reporter-output>
        </test-method> <!-- afterTest -->
      </class> <!-- com.automatedtester.qa.TC001_Capter_ValidateDropdown01 -->
    </test> <!-- Default test -->
  </suite> <!-- Default suite -->
</testng-results>
